<?xml version="1.0" encoding="UTF-8"?>
<!-- Generated by org.testng.reporters.JUnitReportReporter -->
<testsuite hostname="DESKTOP-U4LOEMR" failures="0" tests="1" name="Entrata_Automation.SeleniumAutomation_Entrata" time="186.018" errors="0" timestamp="2024-09-19T11:32:40 IST" skipped="0">
  <testcase classname="Entrata_Automation.SeleniumAutomation_Entrata" name="automatSubMenu_Products" time="186.018"/>
</testsuite> <!-- Entrata_Automation.SeleniumAutomation_Entrata -->
